❌ UNMATCHED CHANNELS
- 1-LIVE EVENT WWE
- 10-EVENT WWE
- 11-EVENT WWE
- 12-EVENT WWE
- 13-EVENT WWE
- 14-EVENT WWE
- 15-EVENT WWE
- 16-EVENT WWE
- 19:40 ECZACIBASI W VS GALATASARAY W
- 2-EVENT WWE
- 3-EVENT WWE
- 4-EVENT WWE
- 5-EVENT WWE
- 6-EVENT WWE
- 7-EVENT WWE
- 8-EVENT WWE
- 9-EVENT WWE
- ABU DHABI SPORT 1 TV
- ABU DHABI SPORTS
- ABU DHABI SPORTS 1
- ABU DHABI SPORTS 2
- AFC EVENT
- AFC LEAGUE ELITE⁽ˢᵉʳᵛᵉʳ ¹⁾
- AFC LEAGUE TWO⁽ˢᵉʳᵛᵉʳ ²⁾
- AFC LEAGUE TWO⁽ˢᵉʳᵛᵉʳ ³⁾
- AFC LEAGUE TWO⁽ˢᵉʳᵛᵉʳ ¹⁾
- AFF U23 M LIVE 5
- AFF U23 M LIVE 6
- AVC CUP 1
- AVC CUP 2
- AVC CUP 3
- Abu Dhabi Sports TV 1
- Abu Dhabi Sports TV 2
- BARCA TV ᴴᴰ
- BELLATOR MMA
- BILLIYARD TV
- BUNDESLIGA 1 SOCCER
- BUNDESLIGA 2 SKY 24
- BWF COURT 1
- BWF COURT 2
- BWF COURT 3
- BWF COURT 4
- CHAMPIONS 1 BEIN 1
- CHAMPIONS 2 BEIN 3
- CHAMPIONS 3 BEIN 4
- CHAMPIONS 4 BEIN 5
- CHAMPIONS 5 TNT 1
- CHAMPIONS 6 TNT 3
- CHAMPIONS 7 TNT 4
- CHAMPIONS TV 1
- CHAMPIONS TV 2
- CHAMPIONS TV 2 (BACKUP)
- CHAMPIONS TV 3
- CHAMPIONS TV 5
- CHAMPIONS TV 6
- DAIHATSU JAPAN B
- DAZN 1 EVENT
- DAZN 6 IP
- DAZN COMBAT
- DAZN EVENT 1
- DAZN EVENT 2
- DAZN HELDINNEN
- DAZN RINGSIDE
- DAZN RISE
- DAZN WOMEN'S FOOTBALL
- DGS 1
- DGS 3
- DGS 4
- DUBAI RACING
- DUBAI RACING 2
- EPL 1 DAZN
- EPL 10 DAZN IP
- EPL 11 PRIMERE
- EPL 12 CMP 5
- EPL 12 TELEMUNDO
- EPL 2 DAZN
- EPL 4 FUBO 1
- EPL 5 FUBO 2
- EPL 5 TNT 1
- EPL 7 NBC
- EPL 7 TRUE
- EPL 8 PEACOCK
- ESPN 7 CO
- ESPN VIVO
- EVENT LIVOLI
- FANCODE TV
- FANCODE TV 1
- FANCODE TV 2
- FIFA CLUB
- FIFA CLUB 1
- FIFA+ AU
- FIGHT TV PREMIUM
- GLORY KICKBOXING
- GOLFPASS HD
- IMPACT! WRESTLING
- INDONESIA VS KORUT SD
- INDOSIAR DIGITAL
- JUST FISHING
- KOVO LIVE 1
- KOVO LIVE 2
- KOVO LIVE 3
- KOVO LIVE 4
- KOVO LIVE 5
- LALIGA 1 BEIN 3
- LALIGA 2 SKY 21
- LALIGA 3 CANALE 5
- LALIGA 4 SKY 16
- LIGA 1 BRI-15:30 PERSITA VS AREMA FC
- LIGA 1 BRI-19:00 PERSEBAYA VS MADURA UNITED
- LIGA 1 THAILAND⁽ˢᵉʳᵛᵉʳ ²⁾
- LIGA 1 THAILAND⁽ˢᵉʳᵛᵉʳ ¹⁾
- LIGA BRI EVENT 1
- LIGA BRI EVENT 2
- LIGA BRI EVENT 3
- LIGA BRI EVENT 4
- LIGA BRI EVENT 5
- LIGA BRI ID
- LIGA BRI N
- LIGA BRI N 1
- LIGA BRI UP
- LIGA BRI [EVENT]
- LIGA BRI [EVENT] 1
- LIGA BRI [EVENT] 2
- LIGA BRI [EVENT] 3
- LIGA BRI [EVENT] N
- LIGA EVENT
- LIGA PRANCIS 1
- LIGA SUPER MALAYSIA⁽ˢᵉʳᵛᵉʳ ¹⁾
- M LIVE EVENT
- MBC MASR 2 GETHER
- ME WATCH SPORTS
- MOJI IP
- MOJI IP 2
- MOJI WI
- NBA PHILIPPINES
- PEACOCK TV
- PEACOCK TV T
- PGA TOUR
- PRO LIGA-16:00 JAKARTA POPSIVO POLWAN VS JAKARTA ELECTRIC PLN
- PRO LIGA-19:00 JAKARTA LAVANI LIVIN TRANSMEDIA VS SURABAYA SAMATOR
- SEA GAMES 1
- SEA GAMES 2
- SEA GAMES 3
- SEA GAMES 4
- SEA GAMES 5
- SEA GAMES 6
- SEA GAMES 7
- SEA GAMES 8
- SEA GAMES 9
- SEA Games CH01
- SEA Games CH02
- SEA Games CH03
- SEA Games CH04
- SEA Games CH05
- SEA V LEAGUE A
- SEA V LEAGUE GMM
- SEA V LEAGUE ONE
- SEA V LEAGUE ONE SPORT
- SEA V LEAGUE ONE SPORT+
- SERIE A 1 PLUTO
- SHARJAH SPORT
- SKY LIVE 1
- SKY LIVE 2
- SKY LIVE 3
- SKY LIVE 4
- SKY LIVE 5
- SKY LIVE 6
- SKY LIVE 7
- SLOVAKIA: Nova Sport 1
- SLOVAKIA: Nova Sport 2
- SONY TEN 1 HD
- SONY TEN 2 HD
- SONY TEN 3 HD
- SONY TEN 4 HD
- SONY TEN 4 ᴴᴰ
- SONY TEN 5 HD
- SPORTV AO VIVO
- SSC EXTRA 1
- SSC EXTRA 2
- SSC EXTRA 3
- THAPCAM TV 01
- THAPCAM TV 02
- THAPCAM TV 03
- THAPCAM TV 04
- THAPCAM TV 05
- THAPCAM TV 06
- THAPCAM TV 07
- THAPCAM TV 08
- THAPCAM TV 09
- THAPCAM TV 10
- THAPCAM TV 11
- THAPCAM TV 12
- THAPCAM TV 13
- THAPCAM TV 14
- THAPCAM TV 15
- THAPCAM TV 16
- THAPCAM TV 17
- THAPCAM TV 18
- THAPCAM TV 19
- THAPCAM TV 20
- THAPCAM TV 21
- THAPCAM TV 22
- THAPCAM TV 23
- THAPCAM TV 24
- THAPCAM TV 25
- THAPCAM TV 26
- THAPCAM TV 27
- THAPCAM TV 28
- TIMNAS DAY
- TIMNAS DAY 2
- TIMNAS DAY 3
- TIMNAS DAY 4
- TIMNAS DAY BC 1
- TIMNAS DAY BC 2
- TIMNAS DAY BC 3
- TRT SPOR
- TRT SPOR BC
- TRT SPOR VNL
- TRUE GOLF CHANNEL
- UCL EVENT
- UNIFI SPORTS
- UNITED FIGHT ALIANCE
- UZIVO TV
- VIAPLAY SPORT FOOTBALL OTT
- VIAPLAY SPORT OTT
- VIAPLAY SPORT PREMIUM 0TT
- VIX TUDN
- VNL ARENA 1
- VNL SERVER 1
- VNL SERVER 2
- VNL SERVER 3
- VNL SERVER 4
- VNL SERVER A
- VNL TRTSPOR IP
- WORLD CUP U17 2025⁽ˢᵉʳᵛᵉʳ ¹⁾
- WWE NXT ᴴᴰ
